<?xml version="1.0" encoding="UTF-8"?>
<!-- Generated by org.testng.reporters.JUnitXMLReporter -->
<testsuite hostname="pc-PC" ignored="0" name="guruBankApplication(failed)" tests="1" failures="1" timestamp="27 Feb 2019 04:55:32 GMT" time="28.746" errors="0">
  <testcase name="@AfterMethod tearDown" time="0.001" classname="com.bank.qa.pageTest.HomePageTest">
    <failure type="java.lang.NullPointerException">
      <![CDATA[java.lang.NullPointerException
at org.openqa.selenium.support.pagefactory.DefaultElementLocator.findElement(DefaultElementLocator.java:69)
at org.openqa.selenium.support.pagefactory.internal.LocatingElementHandler.invoke(LocatingElementHandler.java:38)
at com.sun.proxy.$Proxy11.click(Unknown Source)
at com.bank.qa.pageObject.HomePage.logOutTab(HomePage.java:129)
at com.bank.qa.pageTest.HomePageTest.tearDown(HomePageTest.java:43)
... Removed 28 stack frames]]>
    </failure>
  </testcase> <!-- @AfterMethod tearDown -->
  <testcase name="@AfterClass setDown" time="0.0" classname="com.bank.qa.baseTest.TestBase">
    <skipped/>
  </testcase> <!-- @AfterClass setDown -->
  <testcase name="verfiyMangerAccount" time="0.016" classname="com.bank.qa.pageTest.HomePageTest">
    <failure type="java.lang.NullPointerException">
      <![CDATA[java.lang.NullPointerException
at org.openqa.selenium.support.pagefactory.DefaultElementLocator.findElement(DefaultElementLocator.java:69)
at org.openqa.selenium.support.pagefactory.internal.LocatingElementHandler.invoke(LocatingElementHandler.java:38)
at com.sun.proxy.$Proxy11.getText(Unknown Source)
at com.bank.qa.pageObject.HomePage.verifyManagerId(HomePage.java:68)
at com.bank.qa.pageTest.HomePageTest.verfiyMangerAccount(HomePageTest.java:28)
... Removed 25 stack frames]]>
    </failure>
  </testcase> <!-- verfiyMangerAccount -->
</testsuite> <!-- guruBankApplication(failed) -->
