<?xml version="1.0" encoding="UTF-8"?>
<!-- Generated by org.testng.reporters.JUnitXMLReporter -->
<testsuite hostname="pc-PC" ignored="0" name="guruBankApplication(failed)(failed)(failed)" tests="1" failures="0" timestamp="25 Feb 2019 05:05:05 GMT" time="26.688" errors="0">
  <testcase name="@BeforeMethod setUp1" time="0.0" classname="com.bank.qa.pageTest.HomePageTest">
    <failure type="java.lang.NullPointerException">
      <![CDATA[java.lang.NullPointerException
at org.openqa.selenium.support.pagefactory.DefaultElementLocator.findElement(DefaultElementLocator.java:69)
at org.openqa.selenium.support.pagefactory.internal.LocatingElementHandler.invoke(LocatingElementHandler.java:38)
at com.sun.proxy.$Proxy11.sendKeys(Unknown Source)
at com.bank.qa.pageObject.LoginPage.setUsername(LoginPage.java:32)
at com.bank.qa.pageTest.HomePageTest.setUp1(HomePageTest.java:20)
... Removed 28 stack frames]]>
    </failure>
  </testcase> <!-- @BeforeMethod setUp1 -->
  <testcase name="@AfterMethod tearDown" time="0.0" classname="com.bank.qa.pageTest.HomePageTest">
    <skipped/>
  </testcase> <!-- @AfterMethod tearDown -->
  <testcase name="@AfterClass setDown" time="0.0" classname="com.bank.qa.baseTest.TestBase">
    <skipped/>
  </testcase> <!-- @AfterClass setDown -->
  <testcase name="verfiyMangerAccount" time="0.0" classname="com.bank.qa.pageTest.HomePageTest">
    <skipped/>
  </testcase> <!-- verfiyMangerAccount -->
</testsuite> <!-- guruBankApplication(failed)(failed)(failed) -->
